{"ts":"2025-09-30T10:05:39.9559661Z","level":"Info","logger":"Microsoft.Hosting.Lifetime","msg":"Now listening on: https://localhost:7080"}
{"ts":"2025-09-30T10:05:39.9971956Z","level":"Info","logger":"Microsoft.Hosting.Lifetime","msg":"Now listening on: http://localhost:5080"}
{"ts":"2025-09-30T10:05:40.0116952Z","level":"Info","logger":"Microsoft.AspNetCore.Mvc.Infrastructure.DefaultActionDescriptorCollectionProvider","msg":"No action descriptors found. This may indicate an incorrectly configured application or missing application parts. To learn more, visit https://aka.ms/aspnet/mvc/app-parts"}
{"ts":"2025-09-30T10:05:40.2265362Z","level":"Info","logger":"Microsoft.Hosting.Lifetime","msg":"Application started. Press Ctrl+C to shut down."}
{"ts":"2025-09-30T10:05:40.2294173Z","level":"Info","logger":"Microsoft.Hosting.Lifetime","msg":"Hosting environment: Development"}
{"ts":"2025-09-30T10:05:40.2294173Z","level":"Info","logger":"Microsoft.Hosting.Lifetime","msg":"Content root path: D:\\Repos\\Demo\\TwoServiceRestDemo\\Catalog.Api"}
{"ts":"2025-09-30T10:05:42.0547772Z","level":"Info","logger":"Microsoft.AspNetCore.Hosting.Diagnostics","msg":"Request starting HTTP/2 GET https://localhost:7080/ - - -","traceId":"00-32bacc46a0ae4d773674d8883f2ec3f1-60ace04cf962fb6e-00","method":"GET","path":"https://localhost/"}
{"ts":"2025-09-30T10:05:43.3364976Z","level":"Info","logger":"Microsoft.AspNetCore.HttpLogging.HttpLoggingMiddleware","msg":"Request:\r\nMethod: GET\r\nPathBase: \r\nPath: /","traceId":"00-32bacc46a0ae4d773674d8883f2ec3f1-60ace04cf962fb6e-00","method":"GET","path":"https://localhost/"}
{"ts":"2025-09-30T10:05:43.3375997Z","level":"Info","logger":"Microsoft.AspNetCore.HttpLogging.HttpLoggingMiddleware","msg":"Response:\r\nStatusCode: 404","traceId":"00-32bacc46a0ae4d773674d8883f2ec3f1-60ace04cf962fb6e-00","method":"GET","path":"https://localhost/"}
{"ts":"2025-09-30T10:05:43.3532425Z","level":"Info","logger":"Microsoft.AspNetCore.HttpLogging.HttpLoggingMiddleware","msg":"Duration: 8.0236ms","traceId":"00-32bacc46a0ae4d773674d8883f2ec3f1-60ace04cf962fb6e-00","method":"GET","path":"https://localhost/"}
{"ts":"2025-09-30T10:05:43.3532425Z","level":"Info","logger":"Microsoft.AspNetCore.Hosting.Diagnostics","msg":"Request finished HTTP/2 GET https://localhost:7080/ - 404 0 - 1316.4195ms","traceId":"00-32bacc46a0ae4d773674d8883f2ec3f1-60ace04cf962fb6e-00","method":"GET","path":"https://localhost/"}
{"ts":"2025-09-30T10:05:43.3532425Z","level":"Info","logger":"Microsoft.AspNetCore.Hosting.Diagnostics","msg":"Request reached the end of the middleware pipeline without being handled by application code. Request path: GET https://localhost:7080/, Response status code: 404","traceId":"00-32bacc46a0ae4d773674d8883f2ec3f1-60ace04cf962fb6e-00","method":"GET","path":"https://localhost/"}
{"ts":"2025-09-30T10:06:19.6774987Z","level":"Info","logger":"Microsoft.AspNetCore.Hosting.Diagnostics","msg":"Request starting HTTP/2 GET https://localhost:7080/swagger/index.html - - -","traceId":"00-ca046d66993c69f4b6e94c0dd74270bb-204bc05559b0c349-00","method":"GET","path":"https://localhost/swagger/index.html"}
{"ts":"2025-09-30T10:06:19.8084128Z","level":"Info","logger":"Microsoft.AspNetCore.Hosting.Diagnostics","msg":"Request finished HTTP/2 GET https://localhost:7080/swagger/index.html - 200 - text/html;charset=utf-8 130.9556ms","traceId":"00-ca046d66993c69f4b6e94c0dd74270bb-204bc05559b0c349-00","method":"GET","path":"https://localhost/swagger/index.html"}
{"ts":"2025-09-30T10:06:19.8650620Z","level":"Info","logger":"Microsoft.AspNetCore.Hosting.Diagnostics","msg":"Request starting HTTP/2 GET https://localhost:7080/_vs/browserLink - - -","traceId":"00-fb415c01fc0f192dab7eeba23772c36e-b78357a9f646418a-00","method":"GET","path":"https://localhost/_vs/browserLink"}
{"ts":"2025-09-30T10:06:19.8714828Z","level":"Info","logger":"Microsoft.AspNetCore.Hosting.Diagnostics","msg":"Request starting HTTP/2 GET https://localhost:7080/_framework/aspnetcore-browser-refresh.js - - -","traceId":"00-dc901973cccf2d3a013bd60739e83e74-7b515d088f897a9e-00","method":"GET","path":"https://localhost/_framework/aspnetcore-browser-refresh.js"}
{"ts":"2025-09-30T10:06:19.8714828Z","level":"Info","logger":"Microsoft.AspNetCore.Hosting.Diagnostics","msg":"Request finished HTTP/2 GET https://localhost:7080/_framework/aspnetcore-browser-refresh.js - 200 16507 application/javascript;+charset=utf-8 7.7144ms","traceId":"00-dc901973cccf2d3a013bd60739e83e74-7b515d088f897a9e-00","method":"GET","path":"https://localhost/_framework/aspnetcore-browser-refresh.js"}
{"ts":"2025-09-30T10:06:19.9184112Z","level":"Info","logger":"Microsoft.AspNetCore.Hosting.Diagnostics","msg":"Request finished HTTP/2 GET https://localhost:7080/_vs/browserLink - 200 - text/javascript;+charset=UTF-8 53.3859ms","traceId":"00-fb415c01fc0f192dab7eeba23772c36e-b78357a9f646418a-00","method":"GET","path":"https://localhost/_vs/browserLink"}
{"ts":"2025-09-30T10:06:20.0111340Z","level":"Info","logger":"Microsoft.AspNetCore.Hosting.Diagnostics","msg":"Request starting HTTP/2 GET https://localhost:7080/swagger/v1/swagger.json - - -","traceId":"00-3df6149102c6f466fb174bb060d1f7f5-a7813cd7123b9be0-00","method":"GET","path":"https://localhost/swagger/v1/swagger.json"}
{"ts":"2025-09-30T10:06:20.0384363Z","level":"Info","logger":"Microsoft.AspNetCore.Hosting.Diagnostics","msg":"Request finished HTTP/2 GET https://localhost:7080/swagger/v1/swagger.json - 200 - application/json;charset=utf-8 27.3308ms","traceId":"00-3df6149102c6f466fb174bb060d1f7f5-a7813cd7123b9be0-00","method":"GET","path":"https://localhost/swagger/v1/swagger.json"}
{"ts":"2025-09-30T10:06:33.2335485Z","level":"Info","logger":"Microsoft.AspNetCore.Hosting.Diagnostics","msg":"Request starting HTTP/2 GET https://localhost:7080/api/catalog/books/1 - - -","traceId":"00-6a30a1d5ea6ee537860752a9fd6af61a-0ec2405e2dd416b3-00","method":"GET","path":"https://localhost/api/catalog/books/1"}
{"ts":"2025-09-30T10:06:33.2335485Z","level":"Info","logger":"Microsoft.AspNetCore.HttpLogging.HttpLoggingMiddleware","msg":"Request:\r\nMethod: GET\r\nPathBase: \r\nPath: /api/catalog/books/1","traceId":"00-6a30a1d5ea6ee537860752a9fd6af61a-0ec2405e2dd416b3-00","method":"GET","path":"https://localhost/api/catalog/books/1"}
{"ts":"2025-09-30T10:06:33.2477312Z","level":"Info","logger":"Microsoft.AspNetCore.Routing.EndpointMiddleware","msg":"Executing endpoint 'HTTP: GET /api/catalog/books/{id:long}'","traceId":"00-6a30a1d5ea6ee537860752a9fd6af61a-0ec2405e2dd416b3-00","corrId":"3fe98faf923840959dc6859cbb5296ee","method":"GET","path":"https://localhost/api/catalog/books/1"}
{"ts":"2025-09-30T10:06:33.2662166Z","level":"Info","logger":"Microsoft.AspNetCore.Http.Result.OkObjectResult","msg":"Setting HTTP status code 200.","traceId":"00-6a30a1d5ea6ee537860752a9fd6af61a-0ec2405e2dd416b3-00","corrId":"3fe98faf923840959dc6859cbb5296ee","method":"GET","path":"https://localhost/api/catalog/books/1"}
{"ts":"2025-09-30T10:06:33.2778150Z","level":"Info","logger":"Microsoft.AspNetCore.Http.Result.OkObjectResult","msg":"Writing value of type 'BookDto' as Json.","traceId":"00-6a30a1d5ea6ee537860752a9fd6af61a-0ec2405e2dd416b3-00","corrId":"3fe98faf923840959dc6859cbb5296ee","method":"GET","path":"https://localhost/api/catalog/books/1"}
{"ts":"2025-09-30T10:06:33.2778150Z","level":"Info","logger":"Microsoft.AspNetCore.Routing.EndpointMiddleware","msg":"Executed endpoint 'HTTP: GET /api/catalog/books/{id:long}'","traceId":"00-6a30a1d5ea6ee537860752a9fd6af61a-0ec2405e2dd416b3-00","corrId":"3fe98faf923840959dc6859cbb5296ee","method":"GET","path":"https://localhost/api/catalog/books/1"}
{"ts":"2025-09-30T10:06:33.2778150Z","level":"Info","logger":"Microsoft.AspNetCore.HttpLogging.HttpLoggingMiddleware","msg":"Response:\r\nStatusCode: 200","traceId":"00-6a30a1d5ea6ee537860752a9fd6af61a-0ec2405e2dd416b3-00","method":"GET","path":"https://localhost/api/catalog/books/1"}
{"ts":"2025-09-30T10:06:33.2901855Z","level":"Info","logger":"Microsoft.AspNetCore.HttpLogging.HttpLoggingMiddleware","msg":"Duration: 52.6908ms","traceId":"00-6a30a1d5ea6ee537860752a9fd6af61a-0ec2405e2dd416b3-00","method":"GET","path":"https://localhost/api/catalog/books/1"}
{"ts":"2025-09-30T10:06:33.2901855Z","level":"Info","logger":"Microsoft.AspNetCore.Hosting.Diagnostics","msg":"Request finished HTTP/2 GET https://localhost:7080/api/catalog/books/1 - 200 - application/json;+charset=utf-8 59.1789ms","traceId":"00-6a30a1d5ea6ee537860752a9fd6af61a-0ec2405e2dd416b3-00","method":"GET","path":"https://localhost/api/catalog/books/1"}
{"ts":"2025-09-30T10:15:19.1843249Z","level":"Info","logger":"Microsoft.Hosting.Lifetime","msg":"Now listening on: https://localhost:7080"}
{"ts":"2025-09-30T10:15:19.2193511Z","level":"Info","logger":"Microsoft.Hosting.Lifetime","msg":"Now listening on: http://localhost:5080"}
{"ts":"2025-09-30T10:15:19.2324556Z","level":"Info","logger":"Microsoft.AspNetCore.Mvc.Infrastructure.DefaultActionDescriptorCollectionProvider","msg":"No action descriptors found. This may indicate an incorrectly configured application or missing application parts. To learn more, visit https://aka.ms/aspnet/mvc/app-parts"}
{"ts":"2025-09-30T10:15:19.4345507Z","level":"Info","logger":"Microsoft.Hosting.Lifetime","msg":"Application started. Press Ctrl+C to shut down."}
{"ts":"2025-09-30T10:15:19.4354062Z","level":"Info","logger":"Microsoft.Hosting.Lifetime","msg":"Hosting environment: Development"}
{"ts":"2025-09-30T10:15:19.4354062Z","level":"Info","logger":"Microsoft.Hosting.Lifetime","msg":"Content root path: D:\\Repos\\Demo\\TwoServiceRestDemo\\Catalog.Api"}
{"ts":"2025-09-30T10:15:20.2059477Z","level":"Info","logger":"Microsoft.AspNetCore.Hosting.Diagnostics","msg":"Request starting HTTP/2 GET https://localhost:7080/ - - -","traceId":"00-88010b2e56c6e2578c9fe62444e4261a-7bddb43e7fad3f7f-00","method":"GET","path":"https://localhost/"}
{"ts":"2025-09-30T10:15:21.1754274Z","level":"Info","logger":"Microsoft.AspNetCore.HttpLogging.HttpLoggingMiddleware","msg":"Request:\r\nMethod: GET\r\nPathBase: \r\nPath: /","traceId":"00-88010b2e56c6e2578c9fe62444e4261a-7bddb43e7fad3f7f-00","method":"GET","path":"https://localhost/"}
{"ts":"2025-09-30T10:15:21.1887136Z","level":"Info","logger":"Microsoft.AspNetCore.HttpLogging.HttpLoggingMiddleware","msg":"Response:\r\nStatusCode: 404","traceId":"00-88010b2e56c6e2578c9fe62444e4261a-7bddb43e7fad3f7f-00","method":"GET","path":"https://localhost/"}
{"ts":"2025-09-30T10:15:21.2051942Z","level":"Info","logger":"Microsoft.AspNetCore.HttpLogging.HttpLoggingMiddleware","msg":"Duration: 20.6676ms","traceId":"00-88010b2e56c6e2578c9fe62444e4261a-7bddb43e7fad3f7f-00","method":"GET","path":"https://localhost/"}
{"ts":"2025-09-30T10:15:21.2227602Z","level":"Info","logger":"Microsoft.AspNetCore.Hosting.Diagnostics","msg":"Request finished HTTP/2 GET https://localhost:7080/ - 404 0 - 1023.8272ms","traceId":"00-88010b2e56c6e2578c9fe62444e4261a-7bddb43e7fad3f7f-00","method":"GET","path":"https://localhost/"}
{"ts":"2025-09-30T10:15:21.2227602Z","level":"Info","logger":"Microsoft.AspNetCore.Hosting.Diagnostics","msg":"Request reached the end of the middleware pipeline without being handled by application code. Request path: GET https://localhost:7080/, Response status code: 404","traceId":"00-88010b2e56c6e2578c9fe62444e4261a-7bddb43e7fad3f7f-00","method":"GET","path":"https://localhost/"}
{"ts":"2025-09-30T10:16:03.3584536Z","level":"Info","logger":"Microsoft.AspNetCore.Hosting.Diagnostics","msg":"Request starting HTTP/2 GET https://localhost:7080/swagger/index.html - - -","traceId":"00-f0eccbb63ccf043c0817d867db815220-3d52a47d9636c8dc-00","method":"GET","path":"https://localhost/swagger/index.html"}
{"ts":"2025-09-30T10:16:03.4542247Z","level":"Info","logger":"Microsoft.AspNetCore.Hosting.Diagnostics","msg":"Request finished HTTP/2 GET https://localhost:7080/swagger/index.html - 200 - text/html;charset=utf-8 95.8569ms","traceId":"00-f0eccbb63ccf043c0817d867db815220-3d52a47d9636c8dc-00","method":"GET","path":"https://localhost/swagger/index.html"}
{"ts":"2025-09-30T10:16:03.5008135Z","level":"Info","logger":"Microsoft.AspNetCore.Hosting.Diagnostics","msg":"Request starting HTTP/2 GET https://localhost:7080/_framework/aspnetcore-browser-refresh.js - - -","traceId":"00-f57779440b2e1565629a656b2dede4f8-0fc6be710219e350-00","method":"GET","path":"https://localhost/_framework/aspnetcore-browser-refresh.js"}
{"ts":"2025-09-30T10:16:03.5008135Z","level":"Info","logger":"Microsoft.AspNetCore.Hosting.Diagnostics","msg":"Request starting HTTP/2 GET https://localhost:7080/_vs/browserLink - - -","traceId":"00-cccf66f4f1006e60688a4b2f34a3ca7e-72a730fd3e518ec2-00","method":"GET","path":"https://localhost/_vs/browserLink"}
{"ts":"2025-09-30T10:16:03.5008135Z","level":"Info","logger":"Microsoft.AspNetCore.Hosting.Diagnostics","msg":"Request finished HTTP/2 GET https://localhost:7080/_framework/aspnetcore-browser-refresh.js - 200 16507 application/javascript;+charset=utf-8 8.5815ms","traceId":"00-f57779440b2e1565629a656b2dede4f8-0fc6be710219e350-00","method":"GET","path":"https://localhost/_framework/aspnetcore-browser-refresh.js"}
{"ts":"2025-09-30T10:16:03.5928869Z","level":"Info","logger":"Microsoft.AspNetCore.Hosting.Diagnostics","msg":"Request finished HTTP/2 GET https://localhost:7080/_vs/browserLink - 200 - text/javascript;+charset=UTF-8 88.9021ms","traceId":"00-cccf66f4f1006e60688a4b2f34a3ca7e-72a730fd3e518ec2-00","method":"GET","path":"https://localhost/_vs/browserLink"}
{"ts":"2025-09-30T10:16:03.7115808Z","level":"Info","logger":"Microsoft.AspNetCore.Hosting.Diagnostics","msg":"Request starting HTTP/2 GET https://localhost:7080/swagger/v1/swagger.json - - -","traceId":"00-a45d37b60a81d397f6d150f4ecb3d01e-fe7e2d85f258f5c0-00","method":"GET","path":"https://localhost/swagger/v1/swagger.json"}
{"ts":"2025-09-30T10:16:03.7385508Z","level":"Info","logger":"Microsoft.AspNetCore.Hosting.Diagnostics","msg":"Request finished HTTP/2 GET https://localhost:7080/swagger/v1/swagger.json - 200 - application/json;charset=utf-8 26.9975ms","traceId":"00-a45d37b60a81d397f6d150f4ecb3d01e-fe7e2d85f258f5c0-00","method":"GET","path":"https://localhost/swagger/v1/swagger.json"}
{"ts":"2025-09-30T10:16:06.5796912Z","level":"Info","logger":"Microsoft.AspNetCore.Hosting.Diagnostics","msg":"Request starting HTTP/2 GET https://localhost:7080/api/catalog - - -","traceId":"00-ae7f7770b4653f729c20a62b28f8d713-9e98268137b31744-00","method":"GET","path":"https://localhost/api/catalog"}
{"ts":"2025-09-30T10:16:06.5796912Z","level":"Info","logger":"Microsoft.AspNetCore.HttpLogging.HttpLoggingMiddleware","msg":"Request:\r\nMethod: GET\r\nPathBase: \r\nPath: /api/catalog","traceId":"00-ae7f7770b4653f729c20a62b28f8d713-9e98268137b31744-00","method":"GET","path":"https://localhost/api/catalog"}
{"ts":"2025-09-30T10:16:06.5918021Z","level":"Info","logger":"Microsoft.AspNetCore.Routing.EndpointMiddleware","msg":"Executing endpoint 'HTTP: GET /api/catalog'","traceId":"00-ae7f7770b4653f729c20a62b28f8d713-9e98268137b31744-00","corrId":"9dfd97bc020f43b3839822e51bbcae4a","method":"GET","path":"https://localhost/api/catalog"}
{"ts":"2025-09-30T10:16:06.6070119Z","level":"Info","logger":"Microsoft.AspNetCore.Http.Result.OkObjectResult","msg":"Setting HTTP status code 200.","traceId":"00-ae7f7770b4653f729c20a62b28f8d713-9e98268137b31744-00","corrId":"9dfd97bc020f43b3839822e51bbcae4a","method":"GET","path":"https://localhost/api/catalog"}
{"ts":"2025-09-30T10:16:06.6281109Z","level":"Info","logger":"Microsoft.AspNetCore.Http.Result.OkObjectResult","msg":"Writing value of type 'List`1' as Json.","traceId":"00-ae7f7770b4653f729c20a62b28f8d713-9e98268137b31744-00","corrId":"9dfd97bc020f43b3839822e51bbcae4a","method":"GET","path":"https://localhost/api/catalog"}
{"ts":"2025-09-30T10:16:06.6392451Z","level":"Info","logger":"Microsoft.AspNetCore.Routing.EndpointMiddleware","msg":"Executed endpoint 'HTTP: GET /api/catalog'","traceId":"00-ae7f7770b4653f729c20a62b28f8d713-9e98268137b31744-00","corrId":"9dfd97bc020f43b3839822e51bbcae4a","method":"GET","path":"https://localhost/api/catalog"}
{"ts":"2025-09-30T10:16:06.6580294Z","level":"Info","logger":"Microsoft.AspNetCore.HttpLogging.HttpLoggingMiddleware","msg":"Response:\r\nStatusCode: 200","traceId":"00-ae7f7770b4653f729c20a62b28f8d713-9e98268137b31744-00","method":"GET","path":"https://localhost/api/catalog"}
{"ts":"2025-09-30T10:16:06.6580294Z","level":"Info","logger":"Microsoft.AspNetCore.HttpLogging.HttpLoggingMiddleware","msg":"Duration: 75.8378ms","traceId":"00-ae7f7770b4653f729c20a62b28f8d713-9e98268137b31744-00","method":"GET","path":"https://localhost/api/catalog"}
{"ts":"2025-09-30T10:16:06.6580294Z","level":"Info","logger":"Microsoft.AspNetCore.Hosting.Diagnostics","msg":"Request finished HTTP/2 GET https://localhost:7080/api/catalog - 200 - application/json;+charset=utf-8 81.9668ms","traceId":"00-ae7f7770b4653f729c20a62b28f8d713-9e98268137b31744-00","method":"GET","path":"https://localhost/api/catalog"}
{"ts":"2025-09-30T10:25:10.5207566Z","level":"Info","logger":"Microsoft.Hosting.Lifetime","msg":"Now listening on: https://localhost:7080"}
{"ts":"2025-09-30T10:25:10.5651243Z","level":"Info","logger":"Microsoft.Hosting.Lifetime","msg":"Now listening on: http://localhost:5080"}
{"ts":"2025-09-30T10:25:10.5932422Z","level":"Info","logger":"Microsoft.AspNetCore.Mvc.Infrastructure.DefaultActionDescriptorCollectionProvider","msg":"No action descriptors found. This may indicate an incorrectly configured application or missing application parts. To learn more, visit https://aka.ms/aspnet/mvc/app-parts"}
{"ts":"2025-09-30T10:25:10.8343192Z","level":"Info","logger":"Microsoft.Hosting.Lifetime","msg":"Application started. Press Ctrl+C to shut down."}
{"ts":"2025-09-30T10:25:10.9372582Z","level":"Info","logger":"Microsoft.Hosting.Lifetime","msg":"Hosting environment: Development"}
{"ts":"2025-09-30T10:25:10.9543052Z","level":"Info","logger":"Microsoft.Hosting.Lifetime","msg":"Content root path: D:\\Repos\\Demo\\TwoServiceRestDemo\\Catalog.Api"}
{"ts":"2025-09-30T10:25:11.2237008Z","level":"Info","logger":"Microsoft.AspNetCore.Hosting.Diagnostics","msg":"Request starting HTTP/2 GET https://localhost:7080/ - - -","traceId":"00-286051a7dd38c87445f414357c69b237-c3ab628594e6e101-00","method":"GET","path":"https://localhost/"}
{"ts":"2025-09-30T10:25:12.0062655Z","level":"Info","logger":"Microsoft.AspNetCore.HttpLogging.HttpLoggingMiddleware","msg":"Request:\r\nMethod: GET\r\nPathBase: \r\nPath: /","traceId":"00-286051a7dd38c87445f414357c69b237-c3ab628594e6e101-00","method":"GET","path":"https://localhost/"}
{"ts":"2025-09-30T10:25:12.0184407Z","level":"Info","logger":"Microsoft.AspNetCore.HttpLogging.HttpLoggingMiddleware","msg":"Response:\r\nStatusCode: 404","traceId":"00-286051a7dd38c87445f414357c69b237-c3ab628594e6e101-00","method":"GET","path":"https://localhost/"}
{"ts":"2025-09-30T10:25:12.0461278Z","level":"Info","logger":"Microsoft.AspNetCore.HttpLogging.HttpLoggingMiddleware","msg":"Duration: 28.8133ms","traceId":"00-286051a7dd38c87445f414357c69b237-c3ab628594e6e101-00","method":"GET","path":"https://localhost/"}
{"ts":"2025-09-30T10:25:12.0969080Z","level":"Info","logger":"Microsoft.AspNetCore.Hosting.Diagnostics","msg":"Request finished HTTP/2 GET https://localhost:7080/ - 404 0 - 887.0342ms","traceId":"00-286051a7dd38c87445f414357c69b237-c3ab628594e6e101-00","method":"GET","path":"https://localhost/"}
{"ts":"2025-09-30T10:25:12.1089027Z","level":"Info","logger":"Microsoft.AspNetCore.Hosting.Diagnostics","msg":"Request reached the end of the middleware pipeline without being handled by application code. Request path: GET https://localhost:7080/, Response status code: 404","traceId":"00-286051a7dd38c87445f414357c69b237-c3ab628594e6e101-00","method":"GET","path":"https://localhost/"}
{"ts":"2025-09-30T10:25:23.5646778Z","level":"Info","logger":"Microsoft.AspNetCore.Hosting.Diagnostics","msg":"Request starting HTTP/1.1 GET http://localhost:5080/api/catalog/books/1 - - -","traceId":"00-1fcb07ead7bea03006bbb59a34ac18c0-0be89bbe5fe0f71e-00","method":"GET","path":"http://localhost/api/catalog/books/1"}
{"ts":"2025-09-30T10:25:23.5646778Z","level":"Info","logger":"Microsoft.AspNetCore.HttpLogging.HttpLoggingMiddleware","msg":"Request:\r\nMethod: GET\r\nPathBase: \r\nPath: /api/catalog/books/1","traceId":"00-1fcb07ead7bea03006bbb59a34ac18c0-0be89bbe5fe0f71e-00","method":"GET","path":"http://localhost/api/catalog/books/1"}
{"ts":"2025-09-30T10:25:23.5785143Z","level":"Info","logger":"Microsoft.AspNetCore.Routing.EndpointMiddleware","msg":"Executing endpoint 'HTTP: GET /api/catalog/books/{id:long}'","traceId":"00-1fcb07ead7bea03006bbb59a34ac18c0-0be89bbe5fe0f71e-00","corrId":"93545ab9f3f14db1b120ef4d7318907b","method":"GET","path":"http://localhost/api/catalog/books/1"}
{"ts":"2025-09-30T10:25:23.5951760Z","level":"Info","logger":"Microsoft.AspNetCore.Http.Result.OkObjectResult","msg":"Setting HTTP status code 200.","traceId":"00-1fcb07ead7bea03006bbb59a34ac18c0-0be89bbe5fe0f71e-00","corrId":"93545ab9f3f14db1b120ef4d7318907b","method":"GET","path":"http://localhost/api/catalog/books/1"}
{"ts":"2025-09-30T10:25:23.5951760Z","level":"Info","logger":"Microsoft.AspNetCore.Http.Result.OkObjectResult","msg":"Writing value of type 'BookDto' as Json.","traceId":"00-1fcb07ead7bea03006bbb59a34ac18c0-0be89bbe5fe0f71e-00","corrId":"93545ab9f3f14db1b120ef4d7318907b","method":"GET","path":"http://localhost/api/catalog/books/1"}
{"ts":"2025-09-30T10:25:23.6152144Z","level":"Info","logger":"Microsoft.AspNetCore.Routing.EndpointMiddleware","msg":"Executed endpoint 'HTTP: GET /api/catalog/books/{id:long}'","traceId":"00-1fcb07ead7bea03006bbb59a34ac18c0-0be89bbe5fe0f71e-00","corrId":"93545ab9f3f14db1b120ef4d7318907b","method":"GET","path":"http://localhost/api/catalog/books/1"}
{"ts":"2025-09-30T10:25:23.6152144Z","level":"Info","logger":"Microsoft.AspNetCore.HttpLogging.HttpLoggingMiddleware","msg":"Response:\r\nStatusCode: 200","traceId":"00-1fcb07ead7bea03006bbb59a34ac18c0-0be89bbe5fe0f71e-00","method":"GET","path":"http://localhost/api/catalog/books/1"}
{"ts":"2025-09-30T10:25:23.6152144Z","level":"Info","logger":"Microsoft.AspNetCore.HttpLogging.HttpLoggingMiddleware","msg":"Duration: 49.7055ms","traceId":"00-1fcb07ead7bea03006bbb59a34ac18c0-0be89bbe5fe0f71e-00","method":"GET","path":"http://localhost/api/catalog/books/1"}
{"ts":"2025-09-30T10:25:23.6152144Z","level":"Info","logger":"Microsoft.AspNetCore.Hosting.Diagnostics","msg":"Request finished HTTP/1.1 GET http://localhost:5080/api/catalog/books/1 - 200 - application/json;+charset=utf-8 56.9150ms","traceId":"00-1fcb07ead7bea03006bbb59a34ac18c0-0be89bbe5fe0f71e-00","method":"GET","path":"http://localhost/api/catalog/books/1"}
